<?xml version="1.0" encoding="UTF-8"?>
<Site BuildName="(empty)"
	BuildStamp="20240814-1302-Experimental"
	Name="rt-ws167"
	Generator="ctest-3.22.1"
	CompilerName="/usr/bin/c++"
	CompilerVersion="11.4.0"
	OSName="Linux"
	Hostname="rt-ws167"
	OSRelease="6.5.0-44-generic"
	OSVersion="#44~22.04.1-Ubuntu SMP PREEMPT_DYNAMIC Tue Jun 18 14:36:16 UTC 2"
	OSPlatform="x86_64"
	Is64Bits="1"
	VendorString="GenuineIntel"
	VendorID="Intel Corporation"
	FamilyID="6"
	ModelID="183"
	ProcessorCacheSize="33792"
	NumberOfLogicalCPU="28"
	NumberOfPhysicalCPU="20"
	TotalVirtualMemory="62941"
	TotalPhysicalMemory="64032"
	LogicalProcessorsPerPhysical="1"
	ProcessorClockFrequency="5500"
	>
	<Testing>
		<StartDateTime>Aug 14 16:17 CEST</StartDateTime>
		<StartTestTime>1723645062</StartTestTime>
		<TestList/>
		<EndDateTime>Aug 14 16:17 CEST</EndDateTime>
		<EndTestTime>1723645062</EndTestTime>
		<ElapsedMinutes>0</ElapsedMinutes>
	</Testing>
</Site>
